<?xml version="1.0" encoding="UTF-8"?>
<!-- Generated by org.testng.reporters.JUnitReportReporter -->
<testsuite hostname="DESKTOP-3JP4GP7" failures="0" tests="1" name="com.actitime.generic.NowSsss" time="8.897" errors="0" timestamp="2023-07-23T17:34:30 IST" skipped="0">
  <testcase classname="com.actitime.generic.NowSsss" name="onTesFailure" time="8.897"/>
</testsuite> <!-- com.actitime.generic.NowSsss -->
